# JRE version: OpenJDK Runtime Environment Temurin-21.0.10+7 (21.0.10+7) (build 21.0.10+7-LTS)
# Java VM: OpenJDK 64-Bit Server VM Temurin-21.0.10+7 (21.0.10+7-LTS, mixed mode, sharing, tiered, compressed oops, compressed class ptrs, parallel gc, windows-amd64)
GC Precious Log:
 CardTable entry size: 512
 CPUs: 8 total, 8 available
 Memory: 8039M
 Large Page Support: Disabled
 NUMA Support: Disabled
 Compressed Oops: Enabled (32-bit)
 Alignments: Space 512K, Generation 512K, Heap 2M
 Heap Min Capacity: 100M
 Heap Initial Capacity: 100M
 Heap Max Capacity: 2G
 Pre-touch: Disabled
 Parallel Workers: 8
Heap:
 PSYoungGen      total 3072K, used 2117K [0x00000000d5580000, 0x00000000d5a00000, 0x0000000100000000)
  eden space 1536K, 67% used [0x00000000d5580000,0x00000000d5684770,0x00000000d5700000)
  from space 1536K, 70% used [0x00000000d5880000,0x00000000d598d000,0x00000000d5a00000)
  to   space 1536K, 0% used [0x00000000d5700000,0x00000000d5700000,0x00000000d5880000)
 ParOldGen       total 835584K, used 835144K [0x0000000080000000, 0x00000000b3000000, 0x00000000d5580000)
  object space 835584K, 99% used [0x0000000080000000,0x00000000b2f922d8,0x00000000b3000000)
 Metaspace       used 74960K, committed 76608K, reserved 1179648K
  class space    used 8000K, committed 8768K, reserved 1048576K
GC Heap History (20 events):
Event: 638.444 GC heap before
{Heap before GC invocations=786 (full 3):
 PSYoungGen      total 1536K, used 1504K [0x00000000d5580000, 0x00000000d5880000, 0x0000000100000000)
  eden space 1024K, 100% used [0x00000000d5580000,0x00000000d5680000,0x00000000d5680000)
  from space 512K, 93% used [0x00000000d5800000,0x00000000d5878000,0x00000000d5880000)
  to   space 1024K, 0% used [0x00000000d5680000,0x00000000d5680000,0x00000000d5780000)
 ParOldGen       total 826368K, used 826198K [0x0000000080000000, 0x00000000b2700000, 0x00000000d5580000)
  object space 826368K, 99% used [0x0000000080000000,0x00000000b26d5ae0,0x00000000b2700000)
 Metaspace       used 74945K, committed 76608K, reserved 1179648K
  class space    used 8000K, committed 8768K, reserved 1048576K
}
Event: 638.447 GC heap after
{Heap after GC invocations=786 (full 3):
 PSYoungGen      total 2048K, used 768K [0x00000000d5580000, 0x00000000d5900000, 0x0000000100000000)
  eden space 1024K, 0% used [0x00000000d5580000,0x00000000d5580000,0x00000000d5680000)
  from space 1024K, 75% used [0x00000000d5680000,0x00000000d5740000,0x00000000d5780000)
  to   space 1024K, 0% used [0x00000000d5800000,0x00000000d5800000,0x00000000d5900000)
 ParOldGen       total 826880K, used 826561K [0x0000000080000000, 0x00000000b2780000, 0x00000000d5580000)
  object space 826880K, 99% used [0x0000000080000000,0x00000000b27307b0,0x00000000b2780000)
 Metaspace       used 74945K, committed 76608K, reserved 1179648K
  class space    used 8000K, committed 8768K, reserved 1048576K
}
Event: 638.451 GC heap before
{Heap before GC invocations=787 (full 3):
 PSYoungGen      total 2048K, used 1791K [0x00000000d5580000, 0x00000000d5900000, 0x0000000100000000)
  eden space 1024K, 99% used [0x00000000d5580000,0x00000000d567fff0,0x00000000d5680000)
  from space 1024K, 75% used [0x00000000d5680000,0x00000000d5740000,0x00000000d5780000)
  to   space 1024K, 0% used [0x00000000d5800000,0x00000000d5800000,0x00000000d5900000)
 ParOldGen       total 826880K, used 826561K [0x0000000080000000, 0x00000000b2780000, 0x00000000d5580000)
  object space 826880K, 99% used [0x0000000080000000,0x00000000b27307b0,0x00000000b2780000)
 Metaspace       used 74946K, committed 76608K, reserved 1179648K
  class space    used 8000K, committed 8768K, reserved 1048576K
}
Event: 638.455 GC heap after
{Heap after GC invocations=787 (full 3):
 PSYoungGen      total 2560K, used 896K [0x00000000d5580000, 0x00000000d5900000, 0x0000000100000000)
  eden space 1536K, 0% used [0x00000000d5580000,0x00000000d5580000,0x00000000d5700000)
  from space 1024K, 87% used [0x00000000d5800000,0x00000000d58e0000,0x00000000d5900000)
  to   space 1024K, 0% used [0x00000000d5700000,0x00000000d5700000,0x00000000d5800000)
 ParOldGen       total 827392K, used 827185K [0x0000000080000000, 0x00000000b2800000, 0x00000000d5580000)
  object space 827392K, 99% used [0x0000000080000000,0x00000000b27cc7b0,0x00000000b2800000)
 Metaspace       used 74946K, committed 76608K, reserved 1179648K
  class space    used 8000K, committed 8768K, reserved 1048576K
}
Event: 638.459 GC heap before
{Heap before GC invocations=788 (full 3):
 PSYoungGen      total 2560K, used 2432K [0x00000000d5580000, 0x00000000d5900000, 0x0000000100000000)
  eden space 1536K, 100% used [0x00000000d5580000,0x00000000d5700000,0x00000000d5700000)
  from space 1024K, 87% used [0x00000000d5800000,0x00000000d58e0000,0x00000000d5900000)
  to   space 1024K, 0% used [0x00000000d5700000,0x00000000d5700000,0x00000000d5800000)
 ParOldGen       total 827392K, used 827185K [0x0000000080000000, 0x00000000b2800000, 0x00000000d5580000)
  object space 827392K, 99% used [0x0000000080000000,0x00000000b27cc7b0,0x00000000b2800000)
 Metaspace       used 74946K, committed 76608K, reserved 1179648K
  class space    used 8000K, committed 8768K, reserved 1048576K
}
Event: 638.465 GC heap after
{Heap after GC invocations=788 (full 3):
 PSYoungGen      total 2560K, used 1024K [0x00000000d5580000, 0x00000000d5c80000, 0x0000000100000000)
  eden space 1536K, 0% used [0x00000000d5580000,0x00000000d5580000,0x00000000d5700000)
  from space 1024K, 100% used [0x00000000d5700000,0x00000000d5800000,0x00000000d5800000)
  to   space 2560K, 0% used [0x00000000d5a00000,0x00000000d5a00000,0x00000000d5c80000)
 ParOldGen       total 828416K, used 828081K [0x0000000080000000, 0x00000000b2900000, 0x00000000d5580000)
  object space 828416K, 99% used [0x0000000080000000,0x00000000b28ac7c0,0x00000000b2900000)
 Metaspace       used 74946K, committed 76608K, reserved 1179648K
  class space    used 8000K, committed 8768K, reserved 1048576K
}
Event: 638.473 GC heap before
{Heap before GC invocations=789 (full 3):
 PSYoungGen      total 2560K, used 2560K [0x00000000d5580000, 0x00000000d5c80000, 0x0000000100000000)
  eden space 1536K, 100% used [0x00000000d5580000,0x00000000d5700000,0x00000000d5700000)
  from space 1024K, 100% used [0x00000000d5700000,0x00000000d5800000,0x00000000d5800000)
  to   space 2560K, 0% used [0x00000000d5a00000,0x00000000d5a00000,0x00000000d5c80000)
 ParOldGen       total 828416K, used 828081K [0x0000000080000000, 0x00000000b2900000, 0x00000000d5580000)
  object space 828416K, 99% used [0x0000000080000000,0x00000000b28ac7c0,0x00000000b2900000)
 Metaspace       used 74948K, committed 76608K, reserved 1179648K
  class space    used 8000K, committed 8768K, reserved 1048576K
}
Event: 638.478 GC heap after
{Heap after GC invocations=789 (full 3):
 PSYoungGen      total 3072K, used 928K [0x00000000d5580000, 0x00000000d5b00000, 0x0000000100000000)
  eden space 2048K, 0% used [0x00000000d5580000,0x00000000d5580000,0x00000000d5780000)
  from space 1024K, 90% used [0x00000000d5a00000,0x00000000d5ae8000,0x00000000d5b00000)
  to   space 1536K, 0% used [0x00000000d5800000,0x00000000d5800000,0x00000000d5980000)
 ParOldGen       total 829440K, used 829137K [0x0000000080000000, 0x00000000b2a00000, 0x00000000d5580000)
  object space 829440K, 99% used [0x0000000080000000,0x00000000b29b47c0,0x00000000b2a00000)
 Metaspace       used 74948K, committed 76608K, reserved 1179648K
  class space    used 8000K, committed 8768K, reserved 1048576K
}
Event: 638.492 GC heap before
{Heap before GC invocations=790 (full 3):
 PSYoungGen      total 3072K, used 2975K [0x00000000d5580000, 0x00000000d5b00000, 0x0000000100000000)
  eden space 2048K, 99% used [0x00000000d5580000,0x00000000d577ff48,0x00000000d5780000)
  from space 1024K, 90% used [0x00000000d5a00000,0x00000000d5ae8000,0x00000000d5b00000)
  to   space 1536K, 0% used [0x00000000d5800000,0x00000000d5800000,0x00000000d5980000)
 ParOldGen       total 829440K, used 829137K [0x0000000080000000, 0x00000000b2a00000, 0x00000000d5580000)
  object space 829440K, 99% used [0x0000000080000000,0x00000000b29b47c0,0x00000000b2a00000)
 Metaspace       used 74951K, committed 76608K, reserved 1179648K
  class space    used 8000K, committed 8768K, reserved 1048576K
}
Event: 638.496 GC heap after
{Heap after GC invocations=790 (full 3):
 PSYoungGen      total 4096K, used 970K [0x00000000d5580000, 0x00000000d5a80000, 0x0000000100000000)
  eden space 2560K, 0% used [0x00000000d5580000,0x00000000d5580000,0x00000000d5800000)
  from space 1536K, 63% used [0x00000000d5800000,0x00000000d58f2800,0x00000000d5980000)
  to   space 1024K, 0% used [0x00000000d5980000,0x00000000d5980000,0x00000000d5a80000)
 ParOldGen       total 830464K, used 829977K [0x0000000080000000, 0x00000000b2b00000, 0x00000000d5580000)
  object space 830464K, 99% used [0x0000000080000000,0x00000000b2a867c0,0x00000000b2b00000)
 Metaspace       used 74951K, committed 76608K, reserved 1179648K
  class space    used 8000K, committed 8768K, reserved 1048576K
}
Event: 638.513 GC heap before
{Heap before GC invocations=791 (full 3):
 PSYoungGen      total 4096K, used 3530K [0x00000000d5580000, 0x00000000d5a80000, 0x0000000100000000)
  eden space 2560K, 100% used [0x00000000d5580000,0x00000000d5800000,0x00000000d5800000)
  from space 1536K, 63% used [0x00000000d5800000,0x00000000d58f2800,0x00000000d5980000)
  to   space 1024K, 0% used [0x00000000d5980000,0x00000000d5980000,0x00000000d5a80000)
 ParOldGen       total 830464K, used 829977K [0x0000000080000000, 0x00000000b2b00000, 0x00000000d5580000)
  object space 830464K, 99% used [0x0000000080000000,0x00000000b2a867c0,0x00000000b2b00000)
 Metaspace       used 74953K, committed 76608K, reserved 1179648K
  class space    used 8000K, committed 8768K, reserved 1048576K
}
Event: 638.518 GC heap after
{Heap after GC invocations=791 (full 3):
 PSYoungGen      total 2560K, used 996K [0x00000000d5580000, 0x00000000d5d80000, 0x0000000100000000)
  eden space 1536K, 0% used [0x00000000d5580000,0x00000000d5580000,0x00000000d5700000)
  from space 1024K, 97% used [0x00000000d5980000,0x00000000d5a79010,0x00000000d5a80000)
  to   space 2560K, 0% used [0x00000000d5700000,0x00000000d5700000,0x00000000d5980000)
 ParOldGen       total 831488K, used 831023K [0x0000000080000000, 0x00000000b2c00000, 0x00000000d5580000)
  object space 831488K, 99% used [0x0000000080000000,0x00000000b2b8bd38,0x00000000b2c00000)
 Metaspace       used 74953K, committed 76608K, reserved 1179648K
  class space    used 8000K, committed 8768K, reserved 1048576K
}
Event: 638.559 GC heap before
{Heap before GC invocations=792 (full 3):
 PSYoungGen      total 2560K, used 2419K [0x00000000d5580000, 0x00000000d5d80000, 0x0000000100000000)
  eden space 1536K, 92% used [0x00000000d5580000,0x00000000d56e3d90,0x00000000d5700000)
  from space 1024K, 97% used [0x00000000d5980000,0x00000000d5a79010,0x00000000d5a80000)
  to   space 2560K, 0% used [0x00000000d5700000,0x00000000d5700000,0x00000000d5980000)
 ParOldGen       total 831488K, used 831023K [0x0000000080000000, 0x00000000b2c00000, 0x00000000d5580000)
  object space 831488K, 99% used [0x0000000080000000,0x00000000b2b8bd38,0x00000000b2c00000)
 Metaspace       used 74958K, committed 76608K, reserved 1179648K
  class space    used 8000K, committed 8768K, reserved 1048576K
}
Event: 638.563 GC heap after
{Heap after GC invocations=792 (full 3):
 PSYoungGen      total 2560K, used 668K [0x00000000d5580000, 0x00000000d5a80000, 0x0000000100000000)
  eden space 1536K, 0% used [0x00000000d5580000,0x00000000d5580000,0x00000000d5700000)
  from space 1024K, 65% used [0x00000000d5700000,0x00000000d57a7088,0x00000000d5800000)
  to   space 1536K, 0% used [0x00000000d5900000,0x00000000d5900000,0x00000000d5a80000)
 ParOldGen       total 832512K, used 832024K [0x0000000080000000, 0x00000000b2d00000, 0x00000000d5580000)
  object space 832512K, 99% used [0x0000000080000000,0x00000000b2c861c8,0x00000000b2d00000)
 Metaspace       used 74958K, committed 76608K, reserved 1179648K
  class space    used 8000K, committed 8768K, reserved 1048576K
}
Event: 638.572 GC heap before
{Heap before GC invocations=793 (full 3):
 PSYoungGen      total 2560K, used 2204K [0x00000000d5580000, 0x00000000d5a80000, 0x0000000100000000)
  eden space 1536K, 99% used [0x00000000d5580000,0x00000000d56fffb8,0x00000000d5700000)
  from space 1024K, 65% used [0x00000000d5700000,0x00000000d57a7088,0x00000000d5800000)
  to   space 1536K, 0% used [0x00000000d5900000,0x00000000d5900000,0x00000000d5a80000)
 ParOldGen       total 832512K, used 832024K [0x0000000080000000, 0x00000000b2d00000, 0x00000000d5580000)
  object space 832512K, 99% used [0x0000000080000000,0x00000000b2c861c8,0x00000000b2d00000)
 Metaspace       used 74958K, committed 76608K, reserved 1179648K
  class space    used 8000K, committed 8768K, reserved 1048576K
}
Event: 638.576 GC heap after
{Heap after GC invocations=793 (full 3):
 PSYoungGen      total 2560K, used 1532K [0x00000000d5580000, 0x00000000d5c80000, 0x0000000100000000)
  eden space 1024K, 0% used [0x00000000d5580000,0x00000000d5580000,0x00000000d5680000)
  from space 1536K, 99% used [0x00000000d5900000,0x00000000d5a7f088,0x00000000d5a80000)
  to   space 2560K, 0% used [0x00000000d5680000,0x00000000d5680000,0x00000000d5900000)
 ParOldGen       total 833024K, used 832644K [0x0000000080000000, 0x00000000b2d80000, 0x00000000d5580000)
  object space 833024K, 99% used [0x0000000080000000,0x00000000b2d21250,0x00000000b2d80000)
 Metaspace       used 74958K, committed 76608K, reserved 1179648K
  class space    used 8000K, committed 8768K, reserved 1048576K
}
Event: 638.578 GC heap before
{Heap before GC invocations=794 (full 3):
 PSYoungGen      total 2560K, used 2556K [0x00000000d5580000, 0x00000000d5c80000, 0x0000000100000000)
  eden space 1024K, 100% used [0x00000000d5580000,0x00000000d5680000,0x00000000d5680000)
  from space 1536K, 99% used [0x00000000d5900000,0x00000000d5a7f088,0x00000000d5a80000)
  to   space 2560K, 0% used [0x00000000d5680000,0x00000000d5680000,0x00000000d5900000)
 ParOldGen       total 833024K, used 832644K [0x0000000080000000, 0x00000000b2d80000, 0x00000000d5580000)
  object space 833024K, 99% used [0x0000000080000000,0x00000000b2d21250,0x00000000b2d80000)
 Metaspace       used 74958K, committed 76608K, reserved 1179648K
  class space    used 8000K, committed 8768K, reserved 1048576K
}
Event: 638.582 GC heap after
{Heap after GC invocations=794 (full 3):
 PSYoungGen      total 2560K, used 1088K [0x00000000d5580000, 0x00000000d5a00000, 0x0000000100000000)
  eden space 1024K, 0% used [0x00000000d5580000,0x00000000d5580000,0x00000000d5680000)
  from space 1536K, 70% used [0x00000000d5680000,0x00000000d5790000,0x00000000d5800000)
  to   space 1536K, 0% used [0x00000000d5880000,0x00000000d5880000,0x00000000d5a00000)
 ParOldGen       total 834560K, used 834144K [0x0000000080000000, 0x00000000b2f00000, 0x00000000d5580000)
  object space 834560K, 99% used [0x0000000080000000,0x00000000b2e982d8,0x00000000b2f00000)
 Metaspace       used 74958K, committed 76608K, reserved 1179648K
  class space    used 8000K, committed 8768K, reserved 1048576K
}
Event: 638.590 GC heap before
{Heap before GC invocations=795 (full 3):
 PSYoungGen      total 2560K, used 2112K [0x00000000d5580000, 0x00000000d5a00000, 0x0000000100000000)
  eden space 1024K, 100% used [0x00000000d5580000,0x00000000d5680000,0x00000000d5680000)
  from space 1536K, 70% used [0x00000000d5680000,0x00000000d5790000,0x00000000d5800000)
  to   space 1536K, 0% used [0x00000000d5880000,0x00000000d5880000,0x00000000d5a00000)
 ParOldGen       total 834560K, used 834144K [0x0000000080000000, 0x00000000b2f00000, 0x00000000d5580000)
  object space 834560K, 99% used [0x0000000080000000,0x00000000b2e982d8,0x00000000b2f00000)
 Metaspace       used 74958K, committed 76608K, reserved 1179648K
  class space    used 8000K, committed 8768K, reserved 1048576K
}
Event: 638.594 GC heap after
{Heap after GC invocations=795 (full 3):
 PSYoungGen      total 3072K, used 1076K [0x00000000d5580000, 0x00000000d5a00000, 0x0000000100000000)
  eden space 1536K, 0% used [0x00000000d5580000,0x00000000d5580000,0x00000000d5700000)
  from space 1536K, 70% used [0x00000000d5880000,0x00000000d598d000,0x00000000d5a00000)
  to   space 1536K, 0% used [0x00000000d5700000,0x00000000d5700000,0x00000000d5880000)
 ParOldGen       total 835584K, used 835144K [0x0000000080000000, 0x00000000b3000000, 0x00000000d5580000)
  object space 835584K, 99% used [0x0000000080000000,0x00000000b2f922d8,0x00000000b3000000)
 Metaspace       used 74958K, committed 76608K, reserved 1179648K
  class space    used 8000K, committed 8768K, reserved 1048576K
}

